Change Component Designator: Old Designator=C21 New Designator=C2
Change Component Designator: Old Designator=C22 New Designator=C4
Change Component Designator: Old Designator=C23 New Designator=C3
Change Component Designator: Old Designator=C24 New Designator=C7
Change Component Designator: Old Designator=C25 New Designator=C8
Change Component Designator: Old Designator=C26 New Designator=C9
Change Component Designator: Old Designator=C27 New Designator=C15
Change Component Designator: Old Designator=C28 New Designator=C16
Change Component Designator: Old Designator=C29 New Designator=C17
Change Component Designator: Old Designator=C30 New Designator=C18
Change Component Designator: Old Designator=C31 New Designator=C1
Change Component Designator: Old Designator=C32 New Designator=C5
Change Component Designator: Old Designator=C33 New Designator=C11
Change Component Designator: Old Designator=C34 New Designator=C12
Change Component Designator: Old Designator=C35 New Designator=C13
Change Component Designator: Old Designator=C36 New Designator=C14
Change Component Designator: Old Designator=C37 New Designator=C6
Change Component Designator: Old Designator=C38 New Designator=C10
Change Component Designator: Old Designator=D3 New Designator=D1
Change Component Designator: Old Designator=L2 New Designator=L1
Change Component Designator: Old Designator=P2 New Designator=P1
Change Component Designator: Old Designator=Q4 New Designator=Q1
Change Component Designator: Old Designator=R18 New Designator=R7
Change Component Designator: Old Designator=R19 New Designator=R8
Change Component Designator: Old Designator=R20 New Designator=R1
Change Component Designator: Old Designator=R21 New Designator=R2
Change Component Designator: Old Designator=R22 New Designator=R3
Change Component Designator: Old Designator=R23 New Designator=R4
Change Component Designator: Old Designator=R24 New Designator=R5
Change Component Designator: Old Designator=R25 New Designator=R6
Change Component Designator: Old Designator=R26 New Designator=R11
Change Component Designator: Old Designator=R27 New Designator=R12
Change Component Designator: Old Designator=R28 New Designator=R13
Change Component Designator: Old Designator=R29 New Designator=R9
Change Component Designator: Old Designator=R30 New Designator=R10
Change Component Designator: Old Designator=U14 New Designator=U1
Change Component Designator: Old Designator=U15 New Designator=U2
Change Component Designator: Old Designator=U16 New Designator=U3
Change Component Designator: Old Designator=U17 New Designator=U4
Change Component Designator: Old Designator=U18 New Designator=U6
Change Component Designator: Old Designator=U19 New Designator=U7
Change Component Designator: Old Designator=U20 New Designator=U8
Change Component Designator: Old Designator=U21 New Designator=U9
Change Component Designator: Old Designator=U22 New Designator=U5
